<?xml version="1.0" encoding="UTF-8"?>
<testsuite name="GateORTest" tests="3" skipped="0" failures="0" errors="0" timestamp="2020-08-25T03:35:29" hostname="MSI" time="0.0">
  <properties/>
  <testcase name="testAddInputPin" classname="GateORTest" time="0.0"/>
  <testcase name="testGetOutputTrue" classname="GateORTest" time="0.0"/>
  <testcase name="testGetOutputFalse" classname="GateORTest" time="0.0"/>
  <system-out><![CDATA[]]></system-out>
  <system-err><![CDATA[]]></system-err>
</testsuite>
