<?xml version="1.0" encoding="UTF-8"?>
<testsuite name="IPinTest" tests="1" skipped="0" failures="0" errors="0" timestamp="2020-08-25T02:01:12" hostname="MSI" time="0.004">
  <properties/>
  <testcase name="testSetInputValue" classname="IPinTest" time="0.004"/>
  <system-out><![CDATA[]]></system-out>
  <system-err><![CDATA[]]></system-err>
</testsuite>
