<?xml version="1.0" encoding="UTF-8"?>
<testsuite name="GateNOTTest" tests="4" skipped="0" failures="0" errors="0" timestamp="2020-08-26T02:09:59" hostname="MSI" time="0.002">
  <properties/>
  <testcase name="testExceptionWhileAddMoreThanOneInput" classname="GateNOTTest" time="0.0"/>
  <testcase name="testAddInputPin" classname="GateNOTTest" time="0.001"/>
  <testcase name="testGetOutputTrue" classname="GateNOTTest" time="0.0"/>
  <testcase name="testGetOutputFalse" classname="GateNOTTest" time="0.0"/>
  <system-out><![CDATA[]]></system-out>
  <system-err><![CDATA[]]></system-err>
</testsuite>
