<?xml version="1.0" encoding="UTF-8"?>
<testsuite name="OPinTest" tests="1" skipped="0" failures="0" errors="0" timestamp="2020-08-26T02:09:59" hostname="MSI" time="0.0">
  <properties/>
  <testcase name="testGetOutput" classname="OPinTest" time="0.0"/>
  <system-out><![CDATA[]]></system-out>
  <system-err><![CDATA[]]></system-err>
</testsuite>
