<?xml version="1.0" encoding="UTF-8"?>
<testsuite name="DeviceTest" tests="4" skipped="0" failures="0" errors="0" timestamp="2020-08-25T03:35:29" hostname="MSI" time="0.005">
  <properties/>
  <testcase name="testDevicePolymorphism" classname="DeviceTest" time="0.002"/>
  <testcase name="testAddInputPin" classname="DeviceTest" time="0.0"/>
  <testcase name="testIPinAndOPin" classname="DeviceTest" time="0.002"/>
  <testcase name="testGetOutput" classname="DeviceTest" time="0.0"/>
  <system-out><![CDATA[]]></system-out>
  <system-err><![CDATA[]]></system-err>
</testsuite>
