<?xml version="1.0" encoding="UTF-8"?>
<testsuite name="DeviceTest" tests="2" skipped="0" failures="0" errors="0" timestamp="2020-08-25T02:01:12" hostname="MSI" time="0.001">
  <properties/>
  <testcase name="testAppInputPin" classname="DeviceTest" time="0.001"/>
  <testcase name="testGetOutput" classname="DeviceTest" time="0.0"/>
  <system-out><![CDATA[]]></system-out>
  <system-err><![CDATA[]]></system-err>
</testsuite>
